The system is: Linux - 3.10.0-1160.el7.x86_64 - x86_64
Compiling the C compiler identification source file "CMakeCCompilerId.c" succeeded.
Compiler: /disk2/lwt/bin/gcc 
Build flags: 
Id flags: 

The output was:
0


Compilation of the C compiler identification source "CMakeCCompilerId.c" produced "a.out"

The C compiler identification is GNU, found in "/disk2/WebServer/sylar/build/CMakeFiles/3.7.1/CompilerIdC/a.out"

Compiling the CXX compiler identification source file "CMakeCXXCompilerId.cpp" succeeded.
Compiler: /disk2/lwt/bin/g++ 
Build flags: 
Id flags: 

The output was:
0


Compilation of the CXX compiler identification source "CMakeCXXCompilerId.cpp" produced "a.out"

The CXX compiler identification is GNU, found in "/disk2/WebServer/sylar/build/CMakeFiles/3.7.1/CompilerIdCXX/a.out"

Determining if the C compiler works passed with the following output:
Change Dir: /disk2/WebServer/sylar/build/CMakeFiles/CMakeTmp

Run Build Command:"/usr/bin/gmake" "cmTC_3add2/fast"
/usr/bin/gmake -f CMakeFiles/cmTC_3add2.dir/build.make CMakeFiles/cmTC_3add2.dir/build
gmake[1]: Entering directory `/disk2/WebServer/sylar/build/CMakeFiles/CMakeTmp'
Building C object CMakeFiles/cmTC_3add2.dir/testCCompiler.c.o
/disk2/lwt/bin/gcc     -o CMakeFiles/cmTC_3add2.dir/testCCompiler.c.o   -c /disk2/WebServer/sylar/build/CMakeFiles/CMakeTmp/testCCompiler.c
Linking C executable cmTC_3add2
/usr/local/bin/cmake -E cmake_link_script CMakeFiles/cmTC_3add2.dir/link.txt --verbose=1
/disk2/lwt/bin/gcc       CMakeFiles/cmTC_3add2.dir/testCCompiler.c.o  -o cmTC_3add2 -rdynamic 
gmake[1]: Leaving directory `/disk2/WebServer/sylar/build/CMakeFiles/CMakeTmp'


Detecting C compiler ABI info compiled with the following output:
Change Dir: /disk2/WebServer/sylar/build/CMakeFiles/CMakeTmp

Run Build Command:"/usr/bin/gmake" "cmTC_59277/fast"
/usr/bin/gmake -f CMakeFiles/cmTC_59277.dir/build.make CMakeFiles/cmTC_59277.dir/build
gmake[1]: Entering directory `/disk2/WebServer/sylar/build/CMakeFiles/CMakeTmp'
Building C object CMakeFiles/cmTC_59277.dir/CMakeCCompilerABI.c.o
/disk2/lwt/bin/gcc     -o CMakeFiles/cmTC_59277.dir/CMakeCCompilerABI.c.o   -c /usr/local/share/cmake-3.7/Modules/CMakeCCompilerABI.c
Linking C executable cmTC_59277
/usr/local/bin/cmake -E cmake_link_script CMakeFiles/cmTC_59277.dir/link.txt --verbose=1
/disk2/lwt/bin/gcc      -v CMakeFiles/cmTC_59277.dir/CMakeCCompilerABI.c.o  -o cmTC_59277 -rdynamic  
Using built-in specs.
COLLECT_GCC=/disk2/lwt/bin/gcc
COLLECT_LTO_WRAPPER=/disk2/lwt/libexec/gcc/x86_64-pc-linux-gnu/9.1.0/lto-wrapper
Target: x86_64-pc-linux-gnu
Configured with: ../configure --enable-checking=release --enable-languages=c,c++ --disable-multilib --prefix=/disk2/lwt
Thread model: posix
gcc version 9.1.0 (GCC) 
COMPILER_PATH=/disk2/lwt/libexec/gcc/x86_64-pc-linux-gnu/9.1.0/:/disk2/lwt/libexec/gcc/x86_64-pc-linux-gnu/9.1.0/:/disk2/lwt/libexec/gcc/x86_64-pc-linux-gnu/:/disk2/lwt/lib/gcc/x86_64-pc-linux-gnu/9.1.0/:/disk2/lwt/lib/gcc/x86_64-pc-linux-gnu/
LIBRARY_PATH=/disk2/lwt/lib/gcc/x86_64-pc-linux-gnu/9.1.0/:/disk2/lwt/lib/gcc/x86_64-pc-linux-gnu/9.1.0/../../../../lib64/:/lib/../lib64/:/usr/lib/../lib64/:/disk2/lwt/lib/gcc/x86_64-pc-linux-gnu/9.1.0/../../../:/lib/:/usr/lib/
COLLECT_GCC_OPTIONS='-v' '-o' 'cmTC_59277' '-rdynamic' '-mtune=generic' '-march=x86-64'
 /disk2/lwt/libexec/gcc/x86_64-pc-linux-gnu/9.1.0/collect2 -plugin /disk2/lwt/libexec/gcc/x86_64-pc-linux-gnu/9.1.0/liblto_plugin.so -plugin-opt=/disk2/lwt/libexec/gcc/x86_64-pc-linux-gnu/9.1.0/lto-wrapper -plugin-opt=-fresolution=/tmp/ccMiP6Gh.res -plugin-opt=-pass-through=-lgcc -plugin-opt=-pass-through=-lgcc_s -plugin-opt=-pass-through=-lc -plugin-opt=-pass-through=-lgcc -plugin-opt=-pass-through=-lgcc_s --eh-frame-hdr -m elf_x86_64 -export-dynamic -dynamic-linker /lib64/ld-linux-x86-64.so.2 -o cmTC_59277 /lib/../lib64/crt1.o /lib/../lib64/crti.o /disk2/lwt/lib/gcc/x86_64-pc-linux-gnu/9.1.0/crtbegin.o -L/disk2/lwt/lib/gcc/x86_64-pc-linux-gnu/9.1.0 -L/disk2/lwt/lib/gcc/x86_64-pc-linux-gnu/9.1.0/../../../../lib64 -L/lib/../lib64 -L/usr/lib/../lib64 -L/disk2/lwt/lib/gcc/x86_64-pc-linux-gnu/9.1.0/../../.. CMakeFiles/cmTC_59277.dir/CMakeCCompilerABI.c.o -lgcc --push-state --as-needed -lgcc_s --pop-state -lc -lgcc --push-state --as-needed -lgcc_s --pop-state /disk2/lwt/lib/gcc/x86_64-pc-linux-gnu/9.1.0/crtend.o /lib/../lib64/crtn.o
COLLECT_GCC_OPTIONS='-v' '-o' 'cmTC_59277' '-rdynamic' '-mtune=generic' '-march=x86-64'
gmake[1]: Leaving directory `/disk2/WebServer/sylar/build/CMakeFiles/CMakeTmp'


Parsed C implicit link information from above output:
  link line regex: [^( *|.*[/\])(ld|([^/\]+-)?ld|collect2)[^/\]*( |$)]
  ignore line: [Change Dir: /disk2/WebServer/sylar/build/CMakeFiles/CMakeTmp]
  ignore line: []
  ignore line: [Run Build Command:"/usr/bin/gmake" "cmTC_59277/fast"]
  ignore line: [/usr/bin/gmake -f CMakeFiles/cmTC_59277.dir/build.make CMakeFiles/cmTC_59277.dir/build]
  ignore line: [gmake[1]: Entering directory `/disk2/WebServer/sylar/build/CMakeFiles/CMakeTmp']
  ignore line: [Building C object CMakeFiles/cmTC_59277.dir/CMakeCCompilerABI.c.o]
  ignore line: [/disk2/lwt/bin/gcc     -o CMakeFiles/cmTC_59277.dir/CMakeCCompilerABI.c.o   -c /usr/local/share/cmake-3.7/Modules/CMakeCCompilerABI.c]
  ignore line: [Linking C executable cmTC_59277]
  ignore line: [/usr/local/bin/cmake -E cmake_link_script CMakeFiles/cmTC_59277.dir/link.txt --verbose=1]
  ignore line: [/disk2/lwt/bin/gcc      -v CMakeFiles/cmTC_59277.dir/CMakeCCompilerABI.c.o  -o cmTC_59277 -rdynamic  ]
  ignore line: [Using built-in specs.]
  ignore line: [COLLECT_GCC=/disk2/lwt/bin/gcc]
  ignore line: [COLLECT_LTO_WRAPPER=/disk2/lwt/libexec/gcc/x86_64-pc-linux-gnu/9.1.0/lto-wrapper]
  ignore line: [Target: x86_64-pc-linux-gnu]
  ignore line: [Configured with: ../configure --enable-checking=release --enable-languages=c,c++ --disable-multilib --prefix=/disk2/lwt]
  ignore line: [Thread model: posix]
  ignore line: [gcc version 9.1.0 (GCC) ]
  ignore line: [COMPILER_PATH=/disk2/lwt/libexec/gcc/x86_64-pc-linux-gnu/9.1.0/:/disk2/lwt/libexec/gcc/x86_64-pc-linux-gnu/9.1.0/:/disk2/lwt/libexec/gcc/x86_64-pc-linux-gnu/:/disk2/lwt/lib/gcc/x86_64-pc-linux-gnu/9.1.0/:/disk2/lwt/lib/gcc/x86_64-pc-linux-gnu/]
  ignore line: [LIBRARY_PATH=/disk2/lwt/lib/gcc/x86_64-pc-linux-gnu/9.1.0/:/disk2/lwt/lib/gcc/x86_64-pc-linux-gnu/9.1.0/../../../../lib64/:/lib/../lib64/:/usr/lib/../lib64/:/disk2/lwt/lib/gcc/x86_64-pc-linux-gnu/9.1.0/../../../:/lib/:/usr/lib/]
  ignore line: [COLLECT_GCC_OPTIONS='-v' '-o' 'cmTC_59277' '-rdynamic' '-mtune=generic' '-march=x86-64']
  link line: [ /disk2/lwt/libexec/gcc/x86_64-pc-linux-gnu/9.1.0/collect2 -plugin /disk2/lwt/libexec/gcc/x86_64-pc-linux-gnu/9.1.0/liblto_plugin.so -plugin-opt=/disk2/lwt/libexec/gcc/x86_64-pc-linux-gnu/9.1.0/lto-wrapper -plugin-opt=-fresolution=/tmp/ccMiP6Gh.res -plugin-opt=-pass-through=-lgcc -plugin-opt=-pass-through=-lgcc_s -plugin-opt=-pass-through=-lc -plugin-opt=-pass-through=-lgcc -plugin-opt=-pass-through=-lgcc_s --eh-frame-hdr -m elf_x86_64 -export-dynamic -dynamic-linker /lib64/ld-linux-x86-64.so.2 -o cmTC_59277 /lib/../lib64/crt1.o /lib/../lib64/crti.o /disk2/lwt/lib/gcc/x86_64-pc-linux-gnu/9.1.0/crtbegin.o -L/disk2/lwt/lib/gcc/x86_64-pc-linux-gnu/9.1.0 -L/disk2/lwt/lib/gcc/x86_64-pc-linux-gnu/9.1.0/../../../../lib64 -L/lib/../lib64 -L/usr/lib/../lib64 -L/disk2/lwt/lib/gcc/x86_64-pc-linux-gnu/9.1.0/../../.. CMakeFiles/cmTC_59277.dir/CMakeCCompilerABI.c.o -lgcc --push-state --as-needed -lgcc_s --pop-state -lc -lgcc --push-state --as-needed -lgcc_s --pop-state /disk2/lwt/lib/gcc/x86_64-pc-linux-gnu/9.1.0/crtend.o /lib/../lib64/crtn.o]
    arg [/disk2/lwt/libexec/gcc/x86_64-pc-linux-gnu/9.1.0/collect2] ==> ignore
    arg [-plugin] ==> ignore
    arg [/disk2/lwt/libexec/gcc/x86_64-pc-linux-gnu/9.1.0/liblto_plugin.so] ==> ignore
    arg [-plugin-opt=/disk2/lwt/libexec/gcc/x86_64-pc-linux-gnu/9.1.0/lto-wrapper] ==> ignore
    arg [-plugin-opt=-fresolution=/tmp/ccMiP6Gh.res] ==> ignore
    arg [-plugin-opt=-pass-through=-lgcc] ==> ignore
    arg [-plugin-opt=-pass-through=-lgcc_s] ==> ignore
    arg [-plugin-opt=-pass-through=-lc] ==> ignore
    arg [-plugin-opt=-pass-through=-lgcc] ==> ignore
    arg [-plugin-opt=-pass-through=-lgcc_s] ==> ignore
    arg [--eh-frame-hdr] ==> ignore
    arg [-m] ==> ignore
    arg [elf_x86_64] ==> ignore
    arg [-export-dynamic] ==> ignore
    arg [-dynamic-linker] ==> ignore
    arg [/lib64/ld-linux-x86-64.so.2] ==> ignore
    arg [-o] ==> ignore
    arg [cmTC_59277] ==> ignore
    arg [/lib/../lib64/crt1.o] ==> ignore
    arg [/lib/../lib64/crti.o] ==> ignore
    arg [/disk2/lwt/lib/gcc/x86_64-pc-linux-gnu/9.1.0/crtbegin.o] ==> ignore
    arg [-L/disk2/lwt/lib/gcc/x86_64-pc-linux-gnu/9.1.0] ==> dir [/disk2/lwt/lib/gcc/x86_64-pc-linux-gnu/9.1.0]
    arg [-L/disk2/lwt/lib/gcc/x86_64-pc-linux-gnu/9.1.0/../../../../lib64] ==> dir [/disk2/lwt/lib/gcc/x86_64-pc-linux-gnu/9.1.0/../../../../lib64]
    arg [-L/lib/../lib64] ==> dir [/lib/../lib64]
    arg [-L/usr/lib/../lib64] ==> dir [/usr/lib/../lib64]
    arg [-L/disk2/lwt/lib/gcc/x86_64-pc-linux-gnu/9.1.0/../../..] ==> dir [/disk2/lwt/lib/gcc/x86_64-pc-linux-gnu/9.1.0/../../..]
    arg [CMakeFiles/cmTC_59277.dir/CMakeCCompilerABI.c.o] ==> ignore
    arg [-lgcc] ==> lib [gcc]
    arg [--push-state] ==> ignore
    arg [--as-needed] ==> ignore
    arg [-lgcc_s] ==> lib [gcc_s]
    arg [--pop-state] ==> ignore
    arg [-lc] ==> lib [c]
    arg [-lgcc] ==> lib [gcc]
    arg [--push-state] ==> ignore
    arg [--as-needed] ==> ignore
    arg [-lgcc_s] ==> lib [gcc_s]
    arg [--pop-state] ==> ignore
    arg [/disk2/lwt/lib/gcc/x86_64-pc-linux-gnu/9.1.0/crtend.o] ==> ignore
    arg [/lib/../lib64/crtn.o] ==> ignore
  remove lib [gcc]
  remove lib [gcc_s]
  remove lib [gcc]
  remove lib [gcc_s]
  collapse library dir [/disk2/lwt/lib/gcc/x86_64-pc-linux-gnu/9.1.0] ==> [/disk2/lwt/lib/gcc/x86_64-pc-linux-gnu/9.1.0]
  collapse library dir [/disk2/lwt/lib/gcc/x86_64-pc-linux-gnu/9.1.0/../../../../lib64] ==> [/disk2/lwt/lib64]
  collapse library dir [/lib/../lib64] ==> [/lib64]
  collapse library dir [/usr/lib/../lib64] ==> [/usr/lib64]
  collapse library dir [/disk2/lwt/lib/gcc/x86_64-pc-linux-gnu/9.1.0/../../..] ==> [/disk2/lwt/lib]
  implicit libs: [c]
  implicit dirs: [/disk2/lwt/lib/gcc/x86_64-pc-linux-gnu/9.1.0;/disk2/lwt/lib64;/lib64;/usr/lib64;/disk2/lwt/lib]
  implicit fwks: []




Detecting C [-std=c11] compiler features compiled with the following output:
Change Dir: /disk2/WebServer/sylar/build/CMakeFiles/CMakeTmp

Run Build Command:"/usr/bin/gmake" "cmTC_c35ce/fast"
/usr/bin/gmake -f CMakeFiles/cmTC_c35ce.dir/build.make CMakeFiles/cmTC_c35ce.dir/build
gmake[1]: Entering directory `/disk2/WebServer/sylar/build/CMakeFiles/CMakeTmp'
Building C object CMakeFiles/cmTC_c35ce.dir/feature_tests.c.o
/disk2/lwt/bin/gcc    -std=c11 -o CMakeFiles/cmTC_c35ce.dir/feature_tests.c.o   -c /disk2/WebServer/sylar/build/CMakeFiles/feature_tests.c
Linking C executable cmTC_c35ce
/usr/local/bin/cmake -E cmake_link_script CMakeFiles/cmTC_c35ce.dir/link.txt --verbose=1
/disk2/lwt/bin/gcc       CMakeFiles/cmTC_c35ce.dir/feature_tests.c.o  -o cmTC_c35ce -rdynamic 
gmake[1]: Leaving directory `/disk2/WebServer/sylar/build/CMakeFiles/CMakeTmp'


    Feature record: C_FEATURE:1c_function_prototypes
    Feature record: C_FEATURE:1c_restrict
    Feature record: C_FEATURE:1c_static_assert
    Feature record: C_FEATURE:1c_variadic_macros


Detecting C [-std=c99] compiler features compiled with the following output:
Change Dir: /disk2/WebServer/sylar/build/CMakeFiles/CMakeTmp

Run Build Command:"/usr/bin/gmake" "cmTC_b2d4d/fast"
/usr/bin/gmake -f CMakeFiles/cmTC_b2d4d.dir/build.make CMakeFiles/cmTC_b2d4d.dir/build
gmake[1]: Entering directory `/disk2/WebServer/sylar/build/CMakeFiles/CMakeTmp'
Building C object CMakeFiles/cmTC_b2d4d.dir/feature_tests.c.o
/disk2/lwt/bin/gcc    -std=c99 -o CMakeFiles/cmTC_b2d4d.dir/feature_tests.c.o   -c /disk2/WebServer/sylar/build/CMakeFiles/feature_tests.c
Linking C executable cmTC_b2d4d
/usr/local/bin/cmake -E cmake_link_script CMakeFiles/cmTC_b2d4d.dir/link.txt --verbose=1
/disk2/lwt/bin/gcc       CMakeFiles/cmTC_b2d4d.dir/feature_tests.c.o  -o cmTC_b2d4d -rdynamic 
gmake[1]: Leaving directory `/disk2/WebServer/sylar/build/CMakeFiles/CMakeTmp'


    Feature record: C_FEATURE:1c_function_prototypes
    Feature record: C_FEATURE:1c_restrict
    Feature record: C_FEATURE:0c_static_assert
    Feature record: C_FEATURE:1c_variadic_macros


Detecting C [-std=c90] compiler features compiled with the following output:
Change Dir: /disk2/WebServer/sylar/build/CMakeFiles/CMakeTmp

Run Build Command:"/usr/bin/gmake" "cmTC_1b579/fast"
/usr/bin/gmake -f CMakeFiles/cmTC_1b579.dir/build.make CMakeFiles/cmTC_1b579.dir/build
gmake[1]: Entering directory `/disk2/WebServer/sylar/build/CMakeFiles/CMakeTmp'
Building C object CMakeFiles/cmTC_1b579.dir/feature_tests.c.o
/disk2/lwt/bin/gcc    -std=c90 -o CMakeFiles/cmTC_1b579.dir/feature_tests.c.o   -c /disk2/WebServer/sylar/build/CMakeFiles/feature_tests.c
Linking C executable cmTC_1b579
/usr/local/bin/cmake -E cmake_link_script CMakeFiles/cmTC_1b579.dir/link.txt --verbose=1
/disk2/lwt/bin/gcc       CMakeFiles/cmTC_1b579.dir/feature_tests.c.o  -o cmTC_1b579 -rdynamic 
gmake[1]: Leaving directory `/disk2/WebServer/sylar/build/CMakeFiles/CMakeTmp'


    Feature record: C_FEATURE:1c_function_prototypes
    Feature record: C_FEATURE:0c_restrict
    Feature record: C_FEATURE:0c_static_assert
    Feature record: C_FEATURE:0c_variadic_macros
Determining if the CXX compiler works passed with the following output:
Change Dir: /disk2/WebServer/sylar/build/CMakeFiles/CMakeTmp

Run Build Command:"/usr/bin/gmake" "cmTC_fc852/fast"
/usr/bin/gmake -f CMakeFiles/cmTC_fc852.dir/build.make CMakeFiles/cmTC_fc852.dir/build
gmake[1]: Entering directory `/disk2/WebServer/sylar/build/CMakeFiles/CMakeTmp'
Building CXX object CMakeFiles/cmTC_fc852.dir/testCXXCompiler.cxx.o
/disk2/lwt/bin/g++      -o CMakeFiles/cmTC_fc852.dir/testCXXCompiler.cxx.o -c /disk2/WebServer/sylar/build/CMakeFiles/CMakeTmp/testCXXCompiler.cxx
Linking CXX executable cmTC_fc852
/usr/local/bin/cmake -E cmake_link_script CMakeFiles/cmTC_fc852.dir/link.txt --verbose=1
/disk2/lwt/bin/g++        CMakeFiles/cmTC_fc852.dir/testCXXCompiler.cxx.o  -o cmTC_fc852 -rdynamic 
gmake[1]: Leaving directory `/disk2/WebServer/sylar/build/CMakeFiles/CMakeTmp'


Detecting CXX compiler ABI info compiled with the following output:
Change Dir: /disk2/WebServer/sylar/build/CMakeFiles/CMakeTmp

Run Build Command:"/usr/bin/gmake" "cmTC_30698/fast"
/usr/bin/gmake -f CMakeFiles/cmTC_30698.dir/build.make CMakeFiles/cmTC_30698.dir/build
gmake[1]: Entering directory `/disk2/WebServer/sylar/build/CMakeFiles/CMakeTmp'
Building CXX object CMakeFiles/cmTC_30698.dir/CMakeCXXCompilerABI.cpp.o
/disk2/lwt/bin/g++      -o CMakeFiles/cmTC_30698.dir/CMakeCXXCompilerABI.cpp.o -c /usr/local/share/cmake-3.7/Modules/CMakeCXXCompilerABI.cpp
Linking CXX executable cmTC_30698
/usr/local/bin/cmake -E cmake_link_script CMakeFiles/cmTC_30698.dir/link.txt --verbose=1
/disk2/lwt/bin/g++       -v CMakeFiles/cmTC_30698.dir/CMakeCXXCompilerABI.cpp.o  -o cmTC_30698 -rdynamic  
Using built-in specs.
COLLECT_GCC=/disk2/lwt/bin/g++
COLLECT_LTO_WRAPPER=/disk2/lwt/libexec/gcc/x86_64-pc-linux-gnu/9.1.0/lto-wrapper
Target: x86_64-pc-linux-gnu
Configured with: ../configure --enable-checking=release --enable-languages=c,c++ --disable-multilib --prefix=/disk2/lwt
Thread model: posix
gcc version 9.1.0 (GCC) 
COMPILER_PATH=/disk2/lwt/libexec/gcc/x86_64-pc-linux-gnu/9.1.0/:/disk2/lwt/libexec/gcc/x86_64-pc-linux-gnu/9.1.0/:/disk2/lwt/libexec/gcc/x86_64-pc-linux-gnu/:/disk2/lwt/lib/gcc/x86_64-pc-linux-gnu/9.1.0/:/disk2/lwt/lib/gcc/x86_64-pc-linux-gnu/
LIBRARY_PATH=/disk2/lwt/lib/gcc/x86_64-pc-linux-gnu/9.1.0/:/disk2/lwt/lib/gcc/x86_64-pc-linux-gnu/9.1.0/../../../../lib64/:/lib/../lib64/:/usr/lib/../lib64/:/disk2/lwt/lib/gcc/x86_64-pc-linux-gnu/9.1.0/../../../:/lib/:/usr/lib/
COLLECT_GCC_OPTIONS='-v' '-o' 'cmTC_30698' '-rdynamic' '-shared-libgcc' '-mtune=generic' '-march=x86-64'
 /disk2/lwt/libexec/gcc/x86_64-pc-linux-gnu/9.1.0/collect2 -plugin /disk2/lwt/libexec/gcc/x86_64-pc-linux-gnu/9.1.0/liblto_plugin.so -plugin-opt=/disk2/lwt/libexec/gcc/x86_64-pc-linux-gnu/9.1.0/lto-wrapper -plugin-opt=-fresolution=/tmp/ccpuLJwx.res -plugin-opt=-pass-through=-lgcc_s -plugin-opt=-pass-through=-lgcc -plugin-opt=-pass-through=-lc -plugin-opt=-pass-through=-lgcc_s -plugin-opt=-pass-through=-lgcc --eh-frame-hdr -m elf_x86_64 -export-dynamic -dynamic-linker /lib64/ld-linux-x86-64.so.2 -o cmTC_30698 /lib/../lib64/crt1.o /lib/../lib64/crti.o /disk2/lwt/lib/gcc/x86_64-pc-linux-gnu/9.1.0/crtbegin.o -L/disk2/lwt/lib/gcc/x86_64-pc-linux-gnu/9.1.0 -L/disk2/lwt/lib/gcc/x86_64-pc-linux-gnu/9.1.0/../../../../lib64 -L/lib/../lib64 -L/usr/lib/../lib64 -L/disk2/lwt/lib/gcc/x86_64-pc-linux-gnu/9.1.0/../../.. CMakeFiles/cmTC_30698.dir/CMakeCXXCompilerABI.cpp.o -lstdc++ -lm -lgcc_s -lgcc -lc -lgcc_s -lgcc /disk2/lwt/lib/gcc/x86_64-pc-linux-gnu/9.1.0/crtend.o /lib/../lib64/crtn.o
COLLECT_GCC_OPTIONS='-v' '-o' 'cmTC_30698' '-rdynamic' '-shared-libgcc' '-mtune=generic' '-march=x86-64'
gmake[1]: Leaving directory `/disk2/WebServer/sylar/build/CMakeFiles/CMakeTmp'


Parsed CXX implicit link information from above output:
  link line regex: [^( *|.*[/\])(ld|([^/\]+-)?ld|collect2)[^/\]*( |$)]
  ignore line: [Change Dir: /disk2/WebServer/sylar/build/CMakeFiles/CMakeTmp]
  ignore line: []
  ignore line: [Run Build Command:"/usr/bin/gmake" "cmTC_30698/fast"]
  ignore line: [/usr/bin/gmake -f CMakeFiles/cmTC_30698.dir/build.make CMakeFiles/cmTC_30698.dir/build]
  ignore line: [gmake[1]: Entering directory `/disk2/WebServer/sylar/build/CMakeFiles/CMakeTmp']
  ignore line: [Building CXX object CMakeFiles/cmTC_30698.dir/CMakeCXXCompilerABI.cpp.o]
  ignore line: [/disk2/lwt/bin/g++      -o CMakeFiles/cmTC_30698.dir/CMakeCXXCompilerABI.cpp.o -c /usr/local/share/cmake-3.7/Modules/CMakeCXXCompilerABI.cpp]
  ignore line: [Linking CXX executable cmTC_30698]
  ignore line: [/usr/local/bin/cmake -E cmake_link_script CMakeFiles/cmTC_30698.dir/link.txt --verbose=1]
  ignore line: [/disk2/lwt/bin/g++       -v CMakeFiles/cmTC_30698.dir/CMakeCXXCompilerABI.cpp.o  -o cmTC_30698 -rdynamic  ]
  ignore line: [Using built-in specs.]
  ignore line: [COLLECT_GCC=/disk2/lwt/bin/g++]
  ignore line: [COLLECT_LTO_WRAPPER=/disk2/lwt/libexec/gcc/x86_64-pc-linux-gnu/9.1.0/lto-wrapper]
  ignore line: [Target: x86_64-pc-linux-gnu]
  ignore line: [Configured with: ../configure --enable-checking=release --enable-languages=c,c++ --disable-multilib --prefix=/disk2/lwt]
  ignore line: [Thread model: posix]
  ignore line: [gcc version 9.1.0 (GCC) ]
  ignore line: [COMPILER_PATH=/disk2/lwt/libexec/gcc/x86_64-pc-linux-gnu/9.1.0/:/disk2/lwt/libexec/gcc/x86_64-pc-linux-gnu/9.1.0/:/disk2/lwt/libexec/gcc/x86_64-pc-linux-gnu/:/disk2/lwt/lib/gcc/x86_64-pc-linux-gnu/9.1.0/:/disk2/lwt/lib/gcc/x86_64-pc-linux-gnu/]
  ignore line: [LIBRARY_PATH=/disk2/lwt/lib/gcc/x86_64-pc-linux-gnu/9.1.0/:/disk2/lwt/lib/gcc/x86_64-pc-linux-gnu/9.1.0/../../../../lib64/:/lib/../lib64/:/usr/lib/../lib64/:/disk2/lwt/lib/gcc/x86_64-pc-linux-gnu/9.1.0/../../../:/lib/:/usr/lib/]
  ignore line: [COLLECT_GCC_OPTIONS='-v' '-o' 'cmTC_30698' '-rdynamic' '-shared-libgcc' '-mtune=generic' '-march=x86-64']
  link line: [ /disk2/lwt/libexec/gcc/x86_64-pc-linux-gnu/9.1.0/collect2 -plugin /disk2/lwt/libexec/gcc/x86_64-pc-linux-gnu/9.1.0/liblto_plugin.so -plugin-opt=/disk2/lwt/libexec/gcc/x86_64-pc-linux-gnu/9.1.0/lto-wrapper -plugin-opt=-fresolution=/tmp/ccpuLJwx.res -plugin-opt=-pass-through=-lgcc_s -plugin-opt=-pass-through=-lgcc -plugin-opt=-pass-through=-lc -plugin-opt=-pass-through=-lgcc_s -plugin-opt=-pass-through=-lgcc --eh-frame-hdr -m elf_x86_64 -export-dynamic -dynamic-linker /lib64/ld-linux-x86-64.so.2 -o cmTC_30698 /lib/../lib64/crt1.o /lib/../lib64/crti.o /disk2/lwt/lib/gcc/x86_64-pc-linux-gnu/9.1.0/crtbegin.o -L/disk2/lwt/lib/gcc/x86_64-pc-linux-gnu/9.1.0 -L/disk2/lwt/lib/gcc/x86_64-pc-linux-gnu/9.1.0/../../../../lib64 -L/lib/../lib64 -L/usr/lib/../lib64 -L/disk2/lwt/lib/gcc/x86_64-pc-linux-gnu/9.1.0/../../.. CMakeFiles/cmTC_30698.dir/CMakeCXXCompilerABI.cpp.o -lstdc++ -lm -lgcc_s -lgcc -lc -lgcc_s -lgcc /disk2/lwt/lib/gcc/x86_64-pc-linux-gnu/9.1.0/crtend.o /lib/../lib64/crtn.o]
    arg [/disk2/lwt/libexec/gcc/x86_64-pc-linux-gnu/9.1.0/collect2] ==> ignore
    arg [-plugin] ==> ignore
    arg [/disk2/lwt/libexec/gcc/x86_64-pc-linux-gnu/9.1.0/liblto_plugin.so] ==> ignore
    arg [-plugin-opt=/disk2/lwt/libexec/gcc/x86_64-pc-linux-gnu/9.1.0/lto-wrapper] ==> ignore
    arg [-plugin-opt=-fresolution=/tmp/ccpuLJwx.res] ==> ignore
    arg [-plugin-opt=-pass-through=-lgcc_s] ==> ignore
    arg [-plugin-opt=-pass-through=-lgcc] ==> ignore
    arg [-plugin-opt=-pass-through=-lc] ==> ignore
    arg [-plugin-opt=-pass-through=-lgcc_s] ==> ignore
    arg [-plugin-opt=-pass-through=-lgcc] ==> ignore
    arg [--eh-frame-hdr] ==> ignore
    arg [-m] ==> ignore
    arg [elf_x86_64] ==> ignore
    arg [-export-dynamic] ==> ignore
    arg [-dynamic-linker] ==> ignore
    arg [/lib64/ld-linux-x86-64.so.2] ==> ignore
    arg [-o] ==> ignore
    arg [cmTC_30698] ==> ignore
    arg [/lib/../lib64/crt1.o] ==> ignore
    arg [/lib/../lib64/crti.o] ==> ignore
    arg [/disk2/lwt/lib/gcc/x86_64-pc-linux-gnu/9.1.0/crtbegin.o] ==> ignore
    arg [-L/disk2/lwt/lib/gcc/x86_64-pc-linux-gnu/9.1.0] ==> dir [/disk2/lwt/lib/gcc/x86_64-pc-linux-gnu/9.1.0]
    arg [-L/disk2/lwt/lib/gcc/x86_64-pc-linux-gnu/9.1.0/../../../../lib64] ==> dir [/disk2/lwt/lib/gcc/x86_64-pc-linux-gnu/9.1.0/../../../../lib64]
    arg [-L/lib/../lib64] ==> dir [/lib/../lib64]
    arg [-L/usr/lib/../lib64] ==> dir [/usr/lib/../lib64]
    arg [-L/disk2/lwt/lib/gcc/x86_64-pc-linux-gnu/9.1.0/../../..] ==> dir [/disk2/lwt/lib/gcc/x86_64-pc-linux-gnu/9.1.0/../../..]
    arg [CMakeFiles/cmTC_30698.dir/CMakeCXXCompilerABI.cpp.o] ==> ignore
    arg [-lstdc++] ==> lib [stdc++]
    arg [-lm] ==> lib [m]
    arg [-lgcc_s] ==> lib [gcc_s]
    arg [-lgcc] ==> lib [gcc]
    arg [-lc] ==> lib [c]
    arg [-lgcc_s] ==> lib [gcc_s]
    arg [-lgcc] ==> lib [gcc]
    arg [/disk2/lwt/lib/gcc/x86_64-pc-linux-gnu/9.1.0/crtend.o] ==> ignore
    arg [/lib/../lib64/crtn.o] ==> ignore
  remove lib [gcc_s]
  remove lib [gcc]
  remove lib [gcc_s]
  remove lib [gcc]
  collapse library dir [/disk2/lwt/lib/gcc/x86_64-pc-linux-gnu/9.1.0] ==> [/disk2/lwt/lib/gcc/x86_64-pc-linux-gnu/9.1.0]
  collapse library dir [/disk2/lwt/lib/gcc/x86_64-pc-linux-gnu/9.1.0/../../../../lib64] ==> [/disk2/lwt/lib64]
  collapse library dir [/lib/../lib64] ==> [/lib64]
  collapse library dir [/usr/lib/../lib64] ==> [/usr/lib64]
  collapse library dir [/disk2/lwt/lib/gcc/x86_64-pc-linux-gnu/9.1.0/../../..] ==> [/disk2/lwt/lib]
  implicit libs: [stdc++;m;c]
  implicit dirs: [/disk2/lwt/lib/gcc/x86_64-pc-linux-gnu/9.1.0;/disk2/lwt/lib64;/lib64;/usr/lib64;/disk2/lwt/lib]
  implicit fwks: []




Detecting CXX [-std=c++14] compiler features compiled with the following output:
Change Dir: /disk2/WebServer/sylar/build/CMakeFiles/CMakeTmp

Run Build Command:"/usr/bin/gmake" "cmTC_b9b3d/fast"
/usr/bin/gmake -f CMakeFiles/cmTC_b9b3d.dir/build.make CMakeFiles/cmTC_b9b3d.dir/build
gmake[1]: Entering directory `/disk2/WebServer/sylar/build/CMakeFiles/CMakeTmp'
Building CXX object CMakeFiles/cmTC_b9b3d.dir/feature_tests.cxx.o
/disk2/lwt/bin/g++     -std=c++14 -o CMakeFiles/cmTC_b9b3d.dir/feature_tests.cxx.o -c /disk2/WebServer/sylar/build/CMakeFiles/feature_tests.cxx
Linking CXX executable cmTC_b9b3d
/usr/local/bin/cmake -E cmake_link_script CMakeFiles/cmTC_b9b3d.dir/link.txt --verbose=1
/disk2/lwt/bin/g++        CMakeFiles/cmTC_b9b3d.dir/feature_tests.cxx.o  -o cmTC_b9b3d -rdynamic 
gmake[1]: Leaving directory `/disk2/WebServer/sylar/build/CMakeFiles/CMakeTmp'


    Feature record: CXX_FEATURE:1cxx_aggregate_default_initializers
    Feature record: CXX_FEATURE:1cxx_alias_templates
    Feature record: CXX_FEATURE:1cxx_alignas
    Feature record: CXX_FEATURE:1cxx_alignof
    Feature record: CXX_FEATURE:1cxx_attributes
    Feature record: CXX_FEATURE:1cxx_attribute_deprecated
    Feature record: CXX_FEATURE:1cxx_auto_type
    Feature record: CXX_FEATURE:1cxx_binary_literals
    Feature record: CXX_FEATURE:1cxx_constexpr
    Feature record: CXX_FEATURE:1cxx_contextual_conversions
    Feature record: CXX_FEATURE:1cxx_decltype
    Feature record: CXX_FEATURE:1cxx_decltype_auto
    Feature record: CXX_FEATURE:1cxx_decltype_incomplete_return_types
    Feature record: CXX_FEATURE:1cxx_default_function_template_args
    Feature record: CXX_FEATURE:1cxx_defaulted_functions
    Feature record: CXX_FEATURE:1cxx_defaulted_move_initializers
    Feature record: CXX_FEATURE:1cxx_delegating_constructors
    Feature record: CXX_FEATURE:1cxx_deleted_functions
    Feature record: CXX_FEATURE:1cxx_digit_separators
    Feature record: CXX_FEATURE:1cxx_enum_forward_declarations
    Feature record: CXX_FEATURE:1cxx_explicit_conversions
    Feature record: CXX_FEATURE:1cxx_extended_friend_declarations
    Feature record: CXX_FEATURE:1cxx_extern_templates
    Feature record: CXX_FEATURE:1cxx_final
    Feature record: CXX_FEATURE:1cxx_func_identifier
    Feature record: CXX_FEATURE:1cxx_generalized_initializers
    Feature record: CXX_FEATURE:1cxx_generic_lambdas
    Feature record: CXX_FEATURE:1cxx_inheriting_constructors
    Feature record: CXX_FEATURE:1cxx_inline_namespaces
    Feature record: CXX_FEATURE:1cxx_lambdas
    Feature record: CXX_FEATURE:1cxx_lambda_init_captures
    Feature record: CXX_FEATURE:1cxx_local_type_template_args
    Feature record: CXX_FEATURE:1cxx_long_long_type
    Feature record: CXX_FEATURE:1cxx_noexcept
    Feature record: CXX_FEATURE:1cxx_nonstatic_member_init
    Feature record: CXX_FEATURE:1cxx_nullptr
    Feature record: CXX_FEATURE:1cxx_override
    Feature record: CXX_FEATURE:1cxx_range_for
    Feature record: CXX_FEATURE:1cxx_raw_string_literals
    Feature record: CXX_FEATURE:1cxx_reference_qualified_functions
    Feature record: CXX_FEATURE:1cxx_relaxed_constexpr
    Feature record: CXX_FEATURE:1cxx_return_type_deduction
    Feature record: CXX_FEATURE:1cxx_right_angle_brackets
    Feature record: CXX_FEATURE:1cxx_rvalue_references
    Feature record: CXX_FEATURE:1cxx_sizeof_member
    Feature record: CXX_FEATURE:1cxx_static_assert
    Feature record: CXX_FEATURE:1cxx_strong_enums
    Feature record: CXX_FEATURE:1cxx_template_template_parameters
    Feature record: CXX_FEATURE:1cxx_thread_local
    Feature record: CXX_FEATURE:1cxx_trailing_return_types
    Feature record: CXX_FEATURE:1cxx_unicode_literals
    Feature record: CXX_FEATURE:1cxx_uniform_initialization
    Feature record: CXX_FEATURE:1cxx_unrestricted_unions
    Feature record: CXX_FEATURE:1cxx_user_literals
    Feature record: CXX_FEATURE:1cxx_variable_templates
    Feature record: CXX_FEATURE:1cxx_variadic_macros
    Feature record: CXX_FEATURE:1cxx_variadic_templates


Detecting CXX [-std=c++11] compiler features compiled with the following output:
Change Dir: /disk2/WebServer/sylar/build/CMakeFiles/CMakeTmp

Run Build Command:"/usr/bin/gmake" "cmTC_21c16/fast"
/usr/bin/gmake -f CMakeFiles/cmTC_21c16.dir/build.make CMakeFiles/cmTC_21c16.dir/build
gmake[1]: Entering directory `/disk2/WebServer/sylar/build/CMakeFiles/CMakeTmp'
Building CXX object CMakeFiles/cmTC_21c16.dir/feature_tests.cxx.o
/disk2/lwt/bin/g++     -std=c++11 -o CMakeFiles/cmTC_21c16.dir/feature_tests.cxx.o -c /disk2/WebServer/sylar/build/CMakeFiles/feature_tests.cxx
Linking CXX executable cmTC_21c16
/usr/local/bin/cmake -E cmake_link_script CMakeFiles/cmTC_21c16.dir/link.txt --verbose=1
/disk2/lwt/bin/g++        CMakeFiles/cmTC_21c16.dir/feature_tests.cxx.o  -o cmTC_21c16 -rdynamic 
gmake[1]: Leaving directory `/disk2/WebServer/sylar/build/CMakeFiles/CMakeTmp'


    Feature record: CXX_FEATURE:0cxx_aggregate_default_initializers
    Feature record: CXX_FEATURE:1cxx_alias_templates
    Feature record: CXX_FEATURE:1cxx_alignas
    Feature record: CXX_FEATURE:1cxx_alignof
    Feature record: CXX_FEATURE:1cxx_attributes
    Feature record: CXX_FEATURE:0cxx_attribute_deprecated
    Feature record: CXX_FEATURE:1cxx_auto_type
    Feature record: CXX_FEATURE:0cxx_binary_literals
    Feature record: CXX_FEATURE:1cxx_constexpr
    Feature record: CXX_FEATURE:0cxx_contextual_conversions
    Feature record: CXX_FEATURE:1cxx_decltype
    Feature record: CXX_FEATURE:0cxx_decltype_auto
    Feature record: CXX_FEATURE:1cxx_decltype_incomplete_return_types
    Feature record: CXX_FEATURE:1cxx_default_function_template_args
    Feature record: CXX_FEATURE:1cxx_defaulted_functions
    Feature record: CXX_FEATURE:1cxx_defaulted_move_initializers
    Feature record: CXX_FEATURE:1cxx_delegating_constructors
    Feature record: CXX_FEATURE:1cxx_deleted_functions
    Feature record: CXX_FEATURE:0cxx_digit_separators
    Feature record: CXX_FEATURE:1cxx_enum_forward_declarations
    Feature record: CXX_FEATURE:1cxx_explicit_conversions
    Feature record: CXX_FEATURE:1cxx_extended_friend_declarations
    Feature record: CXX_FEATURE:1cxx_extern_templates
    Feature record: CXX_FEATURE:1cxx_final
    Feature record: CXX_FEATURE:1cxx_func_identifier
    Feature record: CXX_FEATURE:1cxx_generalized_initializers
    Feature record: CXX_FEATURE:0cxx_generic_lambdas
    Feature record: CXX_FEATURE:1cxx_inheriting_constructors
    Feature record: CXX_FEATURE:1cxx_inline_namespaces
    Feature record: CXX_FEATURE:1cxx_lambdas
    Feature record: CXX_FEATURE:0cxx_lambda_init_captures
    Feature record: CXX_FEATURE:1cxx_local_type_template_args
    Feature record: CXX_FEATURE:1cxx_long_long_type
    Feature record: CXX_FEATURE:1cxx_noexcept
    Feature record: CXX_FEATURE:1cxx_nonstatic_member_init
    Feature record: CXX_FEATURE:1cxx_nullptr
    Feature record: CXX_FEATURE:1cxx_override
    Feature record: CXX_FEATURE:1cxx_range_for
    Feature record: CXX_FEATURE:1cxx_raw_string_literals
    Feature record: CXX_FEATURE:1cxx_reference_qualified_functions
    Feature record: CXX_FEATURE:0cxx_relaxed_constexpr
    Feature record: CXX_FEATURE:0cxx_return_type_deduction
    Feature record: CXX_FEATURE:1cxx_right_angle_brackets
    Feature record: CXX_FEATURE:1cxx_rvalue_references
    Feature record: CXX_FEATURE:1cxx_sizeof_member
    Feature record: CXX_FEATURE:1cxx_static_assert
    Feature record: CXX_FEATURE:1cxx_strong_enums
    Feature record: CXX_FEATURE:1cxx_template_template_parameters
    Feature record: CXX_FEATURE:1cxx_thread_local
    Feature record: CXX_FEATURE:1cxx_trailing_return_types
    Feature record: CXX_FEATURE:1cxx_unicode_literals
    Feature record: CXX_FEATURE:1cxx_uniform_initialization
    Feature record: CXX_FEATURE:1cxx_unrestricted_unions
    Feature record: CXX_FEATURE:1cxx_user_literals
    Feature record: CXX_FEATURE:0cxx_variable_templates
    Feature record: CXX_FEATURE:1cxx_variadic_macros
    Feature record: CXX_FEATURE:1cxx_variadic_templates


Detecting CXX [-std=c++98] compiler features compiled with the following output:
Change Dir: /disk2/WebServer/sylar/build/CMakeFiles/CMakeTmp

Run Build Command:"/usr/bin/gmake" "cmTC_e527c/fast"
/usr/bin/gmake -f CMakeFiles/cmTC_e527c.dir/build.make CMakeFiles/cmTC_e527c.dir/build
gmake[1]: Entering directory `/disk2/WebServer/sylar/build/CMakeFiles/CMakeTmp'
Building CXX object CMakeFiles/cmTC_e527c.dir/feature_tests.cxx.o
/disk2/lwt/bin/g++     -std=c++98 -o CMakeFiles/cmTC_e527c.dir/feature_tests.cxx.o -c /disk2/WebServer/sylar/build/CMakeFiles/feature_tests.cxx
Linking CXX executable cmTC_e527c
/usr/local/bin/cmake -E cmake_link_script CMakeFiles/cmTC_e527c.dir/link.txt --verbose=1
/disk2/lwt/bin/g++        CMakeFiles/cmTC_e527c.dir/feature_tests.cxx.o  -o cmTC_e527c -rdynamic 
gmake[1]: Leaving directory `/disk2/WebServer/sylar/build/CMakeFiles/CMakeTmp'


    Feature record: CXX_FEATURE:0cxx_aggregate_default_initializers
    Feature record: CXX_FEATURE:0cxx_alias_templates
    Feature record: CXX_FEATURE:0cxx_alignas
    Feature record: CXX_FEATURE:0cxx_alignof
    Feature record: CXX_FEATURE:0cxx_attributes
    Feature record: CXX_FEATURE:0cxx_attribute_deprecated
    Feature record: CXX_FEATURE:0cxx_auto_type
    Feature record: CXX_FEATURE:0cxx_binary_literals
    Feature record: CXX_FEATURE:0cxx_constexpr
    Feature record: CXX_FEATURE:0cxx_contextual_conversions
    Feature record: CXX_FEATURE:0cxx_decltype
    Feature record: CXX_FEATURE:0cxx_decltype_auto
    Feature record: CXX_FEATURE:0cxx_decltype_incomplete_return_types
    Feature record: CXX_FEATURE:0cxx_default_function_template_args
    Feature record: CXX_FEATURE:0cxx_defaulted_functions
    Feature record: CXX_FEATURE:0cxx_defaulted_move_initializers
    Feature record: CXX_FEATURE:0cxx_delegating_constructors
    Feature record: CXX_FEATURE:0cxx_deleted_functions
    Feature record: CXX_FEATURE:0cxx_digit_separators
    Feature record: CXX_FEATURE:0cxx_enum_forward_declarations
    Feature record: CXX_FEATURE:0cxx_explicit_conversions
    Feature record: CXX_FEATURE:0cxx_extended_friend_declarations
    Feature record: CXX_FEATURE:0cxx_extern_templates
    Feature record: CXX_FEATURE:0cxx_final
    Feature record: CXX_FEATURE:0cxx_func_identifier
    Feature record: CXX_FEATURE:0cxx_generalized_initializers
    Feature record: CXX_FEATURE:0cxx_generic_lambdas
    Feature record: CXX_FEATURE:0cxx_inheriting_constructors
    Feature record: CXX_FEATURE:0cxx_inline_namespaces
    Feature record: CXX_FEATURE:0cxx_lambdas
    Feature record: CXX_FEATURE:0cxx_lambda_init_captures
    Feature record: CXX_FEATURE:0cxx_local_type_template_args
    Feature record: CXX_FEATURE:0cxx_long_long_type
    Feature record: CXX_FEATURE:0cxx_noexcept
    Feature record: CXX_FEATURE:0cxx_nonstatic_member_init
    Feature record: CXX_FEATURE:0cxx_nullptr
    Feature record: CXX_FEATURE:0cxx_override
    Feature record: CXX_FEATURE:0cxx_range_for
    Feature record: CXX_FEATURE:0cxx_raw_string_literals
    Feature record: CXX_FEATURE:0cxx_reference_qualified_functions
    Feature record: CXX_FEATURE:0cxx_relaxed_constexpr
    Feature record: CXX_FEATURE:0cxx_return_type_deduction
    Feature record: CXX_FEATURE:0cxx_right_angle_brackets
    Feature record: CXX_FEATURE:0cxx_rvalue_references
    Feature record: CXX_FEATURE:0cxx_sizeof_member
    Feature record: CXX_FEATURE:0cxx_static_assert
    Feature record: CXX_FEATURE:0cxx_strong_enums
    Feature record: CXX_FEATURE:1cxx_template_template_parameters
    Feature record: CXX_FEATURE:0cxx_thread_local
    Feature record: CXX_FEATURE:0cxx_trailing_return_types
    Feature record: CXX_FEATURE:0cxx_unicode_literals
    Feature record: CXX_FEATURE:0cxx_uniform_initialization
    Feature record: CXX_FEATURE:0cxx_unrestricted_unions
    Feature record: CXX_FEATURE:0cxx_user_literals
    Feature record: CXX_FEATURE:0cxx_variable_templates
    Feature record: CXX_FEATURE:0cxx_variadic_macros
    Feature record: CXX_FEATURE:0cxx_variadic_templates
